<?xml version="1.0" encoding="UTF-8"?>
<!-- Generated by org.testng.reporters.JUnitReportReporter -->
<testsuite hostname="ubuntu" failures="0" tests="2" name="hepsiburada.cart.CartPageTest" time="70.507" errors="0" timestamp="2022-11-02T12:10:35 TRT" skipped="0">
  <testcase classname="hepsiburada.cart.CartPageTest" name="addProductToCartWithLogin" time="44.400"/>
  <system-out>
    <![CDATA[Cookies accepted.
Go to the login page.
Login information has been entered.
Login successful.
The product has been searched.
The first product is selected.
Window tab has been changed.
Products have been added to the cart.
Go to cart.
The product names match.
The cart has been cleaned.]]>
  </system-out>
  <testcase classname="hepsiburada.cart.CartPageTest" name="addProductToCartWithoutLogin" time="26.107"/>
  <system-out>
    <![CDATA[Cookies accepted.
The product has been searched.
The first product is selected.
Window tab has been changed.
Products have been added to the cart.
Go to cart.
The product names match.]]>
  </system-out>
</testsuite> <!-- hepsiburada.cart.CartPageTest -->
